*** Using Compiler 'V5.06 update 6 (build 750)', folder: 'E:\NEW_mdk\ARM\ARMCC\Bin'
Build target 'Target 1'
Note: source file '.\USER\SRC\can2.c' - object file renamed from '.\Obj\can2.o' to '.\Obj\can2_1.o'.compiling tim3.c...
compiling param.c...
compiling tim2.c...
compiling can1.c...
compiling main.c...
compiling can2.c...
compiling usart1.c...
compiling usart3.c...
compiling usart2.c...
compiling pid.c...
compiling motor.c...
compiling elmo.c...
compiling vesc.c...
compiling epos.c...
compiling queue.c...
compiling canctrllist.c...
compiling buffer.c...
compiling beep.c...
compiling pstwo.c...
compiling visual_scope.c...
linking...
Program Size: Code=61624 RO-data=808 RW-data=304 ZI-data=41904  
FromELF: creating hex file...
".\Obj\project.axf" - 0 Error(s), 0 Warning(s).
Build Time Elapsed:  00:00:09
